<?xml version="1.0" encoding="UTF-8"?>
<testng-results skipped="0" failed="1" ignored="0" total="1" passed="0">
  <reporter-output>
  </reporter-output>
  <suite name="com.login.loginTestCases" duration-ms="14926" started-at="2019-03-16T09:55:07Z" finished-at="2019-03-16T09:55:22Z">
    <groups>
    </groups>
    <test name="TestNG All Modules" duration-ms="14926" started-at="2019-03-16T09:55:07Z" finished-at="2019-03-16T09:55:22Z">
      <class name="com.login.loginTestCases.loginTest">
        <test-method status="PASS" signature="openBrowser()[pri:0, instance:com.login.loginTestCases.loginTest@69ea3742]" name="openBrowser" is-config="true" duration-ms="14821" started-at="2019-03-16T15:25:07Z" finished-at="2019-03-16T15:25:21Z">
          <reporter-output>
          </reporter-output>
        </test-method> <!-- openBrowser -->
        <test-method status="FAIL" signature="verifyLogin()[pri:0, instance:com.login.loginTestCases.loginTest@69ea3742]" name="verifyLogin" duration-ms="63" started-at="2019-03-16T15:25:21Z" finished-at="2019-03-16T15:25:22Z">
          <exception class="java.lang.NullPointerException">
            <full-stacktrace>
              <![CDATA[java.lang.NullPointerException
	at Shop_navigation.NavigateI_nternet.PoplightboxClick(NavigateI_nternet.java:14)
	at com.actions.Shop.ShopIntAction.shopactions(ShopIntAction.java:17)
	at com.login.loginTestCases.loginTest.verifyLogin(loginTest.java:35)
	at sun.reflect.NativeMethodAccessorImpl.invoke0(Native Method)
	at sun.reflect.NativeMethodAccessorImpl.invoke(NativeMethodAccessorImpl.java:62)
	at sun.reflect.DelegatingMethodAccessorImpl.invoke(DelegatingMethodAccessorImpl.java:43)
	at java.lang.reflect.Method.invoke(Method.java:498)
	at org.testng.internal.MethodInvocationHelper.invokeMethod(MethodInvocationHelper.java:104)
	at org.testng.internal.Invoker.invokeMethod(Invoker.java:645)
	at org.testng.internal.Invoker.invokeTestMethod(Invoker.java:851)
	at org.testng.internal.Invoker.invokeTestMethods(Invoker.java:1177)
	at org.testng.internal.TestMethodWorker.invokeTestMethods(TestMethodWorker.java:129)
	at org.testng.internal.TestMethodWorker.run(TestMethodWorker.java:112)
	at org.testng.TestRunner.privateRun(TestRunner.java:756)
	at org.testng.TestRunner.run(TestRunner.java:610)
	at org.testng.SuiteRunner.runTest(SuiteRunner.java:387)
	at org.testng.SuiteRunner.runSequentially(SuiteRunner.java:382)
	at org.testng.SuiteRunner.privateRun(SuiteRunner.java:340)
	at org.testng.SuiteRunner.run(SuiteRunner.java:289)
	at org.testng.SuiteRunnerWorker.runSuite(SuiteRunnerWorker.java:52)
	at org.testng.SuiteRunnerWorker.run(SuiteRunnerWorker.java:86)
	at org.testng.TestNG.runSuitesSequentially(TestNG.java:1293)
	at org.testng.TestNG.runSuitesLocally(TestNG.java:1218)
	at org.testng.TestNG.runSuites(TestNG.java:1133)
	at org.testng.TestNG.run(TestNG.java:1104)
	at org.testng.remote.AbstractRemoteTestNG.run(AbstractRemoteTestNG.java:132)
	at org.testng.remote.RemoteTestNG.initAndRun(RemoteTestNG.java:236)
	at org.testng.remote.RemoteTestNG.main(RemoteTestNG.java:81)
]]>
            </full-stacktrace>
          </exception> <!-- java.lang.NullPointerException -->
          <reporter-output>
          </reporter-output>
        </test-method> <!-- verifyLogin -->
      </class> <!-- com.login.loginTestCases.loginTest -->
    </test> <!-- TestNG All Modules -->
  </suite> <!-- com.login.loginTestCases -->
</testng-results>
