<?xml version="1.0" encoding="UTF-8"?>
<!-- Generated by org.testng.reporters.JUnitXMLReporter -->
<testsuite hostname="IBM653-PC0D6SBX" ignored="0" name="TestNG All Modules" tests="1" failures="1" timestamp="31 Mar 2019 06:30:19 GMT" time="15.219" errors="0">
  <testcase name="verifyLogin" time="0.082" classname="com.login.loginTestCases.loginTest">
    <failure type="java.lang.NullPointerException">
      <![CDATA[java.lang.NullPointerException
at Shop_navigation.NavigateI_nternet.PoplightboxClick(NavigateI_nternet.java:14)
at com.actions.Shop.ShopIntAction.shopactions(ShopIntAction.java:17)
at com.login.loginTestCases.loginTest.verifyLogin(loginTest.java:35)
... Removed 34 stack frames]]>
    </failure>
  </testcase> <!-- verifyLogin -->
</testsuite> <!-- TestNG All Modules -->
